
 2022-03-07 | 20:30:47.434 | INFO  | Epicgames Freebies Claimer (1.5.8) by Revadike
 2022-03-07 | 20:30:48.744 | INFO  | Found 3 unclaimed freebie(s) for user@host
 2022-03-07 | 20:30:49.844 | INFO  | Logged in as user
 2022-03-07 | 20:30:51.324 | ERROR | Failed to claim Centipede: Recharged (Error: We could not confirm your purchase at this time.  Please try again later.)
 2022-03-07 | 20:30:52.552 | ERROR | Failed to claim Black Widow: Recharged (Error: We could not confirm your purchase at this time.  Please try again later.)
 2022-03-07 | 20:30:53.789 | ERROR | Failed to claim Epic Slayer Kit (Error: We could not confirm your purchase at this time.  Please try again later.)
 2022-03-07 | 20:30:53.884 | INFO  | Logged user out of Epic Games
 2022-03-07 | 20:39:25.882 | INFO  | Epicgames Freebies Claimer (1.5.8) by Revadike
 2022-03-07 | 20:39:29.007 | INFO  | Found 3 unclaimed freebie(s) for user@host
 2022-03-07 | 20:39:30.564 | INFO  | Logged in as user
 2022-03-07 | 20:39:32.471 | ERROR | Failed to claim Centipede: Recharged (Error: We could not confirm your purchase at this time.  Please try again later.)
 2022-03-07 | 20:39:34.218 | ERROR | Failed to claim Black Widow: Recharged (Error: We could not confirm your purchase at this time.  Please try again later.)
 2022-03-07 | 20:39:35.990 | ERROR | Failed to claim Epic Slayer Kit (Error: We could not confirm your purchase at this time.  Please try again later.)
 2022-03-07 | 20:39:36.171 | INFO  | Logged user out of Epic Games
 2022-03-07 | 20:43:10.885 | INFO  | Epicgames Freebies Claimer (1.5.8) by Revadike
 2022-03-07 | 20:43:12.787 | INFO  | Found 3 unclaimed freebie(s) for user@host
 2022-03-07 | 20:43:14.031 | INFO  | Logged in as user
 2022-03-07 | 20:43:15.429 | ERROR | Failed to claim Centipede: Recharged (Error: We could not confirm your purchase at this time.  Please try again later.)
 2022-03-07 | 20:43:16.574 | ERROR | Failed to claim Black Widow: Recharged (Error: We could not confirm your purchase at this time.  Please try again later.)
 2022-03-07 | 20:43:17.615 | ERROR | Failed to claim Epic Slayer Kit (Error: We could not confirm your purchase at this time.  Please try again later.)
 2022-03-07 | 20:43:17.671 | INFO  | Logged user out of Epic Games
 2022-03-08 | 03:45:49.605 | INFO  | Epicgames Freebies Claimer (1.5.8) by Revadike
 2022-03-08 | 03:45:51.605 | INFO  | Found 3 unclaimed freebie(s) for user@host
 2022-03-08 | 03:45:53.280 | INFO  | Logged in as user
 2022-03-08 | 03:45:55.287 | ERROR | Failed to claim Centipede: Recharged (Error: We could not confirm your purchase at this time.  Please try again later.)
 2022-03-08 | 03:45:57.177 | ERROR | Failed to claim Black Widow: Recharged (Error: We could not confirm your purchase at this time.  Please try again later.)
 2022-03-08 | 03:45:58.889 | ERROR | Failed to claim Epic Slayer Kit (Error: We could not confirm your purchase at this time.  Please try again later.)
 2022-03-08 | 03:45:59.075 | INFO  | Logged user out of Epic Games
 2022-03-08 | 03:46:57.983 | INFO  | Epicgames Freebies Claimer (1.5.8) by Revadike
 2022-03-08 | 03:46:59.497 | INFO  | Found 3 unclaimed freebie(s) for user@host
 2022-03-08 | 03:47:00.720 | INFO  | Logged in as user
 2022-03-08 | 03:47:02.222 | ERROR | Failed to claim Centipede: Recharged (Error: We could not confirm your purchase at this time.  Please try again later.)
 2022-03-08 | 03:47:03.509 | ERROR | Failed to claim Black Widow: Recharged (Error: We could not confirm your purchase at this time.  Please try again later.)
 2022-03-08 | 03:47:04.677 | ERROR | Failed to claim Epic Slayer Kit (Error: We could not confirm your purchase at this time.  Please try again later.)
 2022-03-08 | 03:47:04.744 | INFO  | Logged user out of Epic Games
 2022-03-08 | 03:47:05.800 | INFO  | Push notification sent
 2022-03-08 | 03:55:01.726 | INFO  | Epicgames Freebies Claimer (1.5.8) by Revadike
 2022-03-08 | 03:55:04.237 | INFO  | Found 3 unclaimed freebie(s) for user@host
 2022-03-08 | 03:55:06.211 | INFO  | Logged in as user
 2022-03-08 | 03:55:08.464 | ERROR | Failed to claim Centipede: Recharged (Error: We could not confirm your purchase at this time.  Please try again later.)
 2022-03-08 | 03:55:10.438 | ERROR | Failed to claim Black Widow: Recharged (Error: We could not confirm your purchase at this time.  Please try again later.)
 2022-03-08 | 03:55:12.394 | ERROR | Failed to claim Epic Slayer Kit (Error: We could not confirm your purchase at this time.  Please try again later.)
 2022-03-08 | 03:55:12.630 | INFO  | Logged user out of Epic Games
 2022-03-08 | 03:55:13.756 | INFO  | Push notification sent
 2022-03-10 | 18:05:42.084 | INFO  | Epicgames Freebies Claimer (1.5.8) by Revadike
 2022-03-10 | 18:05:44.101 | INFO  | Found 1 unclaimed freebie(s) for user@host
 2022-03-10 | 18:05:45.737 | INFO  | Logged in as user
 2022-03-10 | 18:05:47.642 | ERROR | Failed to claim Cities: Skylines (Error: We could not confirm your purchase at this time.  Please try again later.)
 2022-03-10 | 18:05:47.855 | INFO  | Logged user out of Epic Games
 2022-03-10 | 18:05:49.668 | INFO  | Push notification sent
 2022-03-17 | 18:17:03.500 | INFO  | Epicgames Freebies Claimer (1.5.8) by Revadike
 2022-03-17 | 18:17:05.015 | INFO  | Found 1 unclaimed freebie(s) for user@host
 2022-03-17 | 18:17:06.257 | INFO  | Logged in as user
 2022-03-17 | 18:17:07.590 | ERROR | Failed to claim In Sound Mind (Error: We could not confirm your purchase at this time.  Please try again later.)
 2022-03-17 | 18:17:07.638 | INFO  | Logged user out of Epic Games
 2022-03-17 | 18:17:08.988 | INFO  | Push notification sent
 2022-03-24 | 18:08:11.888 | INFO  | Epicgames Freebies Claimer (1.5.8) by Revadike
 2022-03-24 | 18:08:14.067 | INFO  | Found 1 unclaimed freebie(s) for user@host
 2022-03-24 | 18:08:15.778 | INFO  | Logged in as user
 2022-03-24 | 18:08:17.943 | ERROR | Failed to claim DEMON'S TILT (Error: We could not confirm your purchase at this time.  Please try again later.)
 2022-03-24 | 18:08:18.139 | INFO  | Logged user out of Epic Games
 2022-03-24 | 18:08:21.791 | INFO  | Push notification sent
 2022-03-31 | 18:06:54.847 | INFO  | Epicgames Freebies Claimer (1.5.8) by Revadike
 2022-03-31 | 18:06:55.906 | INFO  | Found 2 unclaimed freebie(s) for user@host
 2022-03-31 | 18:06:57.248 | INFO  | Logged in as user
 2022-03-31 | 18:06:58.691 | ERROR | Failed to claim City of Brass (Error: We could not confirm your purchase at this time.  Please try again later.)
 2022-03-31 | 18:06:59.872 | ERROR | Failed to claim Total War: WARHAMMER (Error: We could not confirm your purchase at this time.  Please try again later.)
 2022-03-31 | 18:06:59.978 | INFO  | Logged user out of Epic Games
 2022-03-31 | 18:07:02.197 | INFO  | Push notification sent
 2022-04-07 | 18:06:34.302 | INFO  | Epicgames Freebies Claimer (1.5.8) by Revadike
 2022-04-07 | 18:06:35.490 | INFO  | Found 2 unclaimed freebie(s) for user@host
 2022-04-07 | 18:06:35.541 | ERROR | Failed to login as user@host
 2022-04-07 | 18:06:36.881 | INFO  | Push notification sent
 2022-04-14 | 18:06:47.848 | INFO  | Epicgames Freebies Claimer (1.5.8) by Revadike
 2022-04-21 | 18:07:24.478 | INFO  | Epicgames Freebies Claimer (1.5.8) by Revadike
 2022-04-28 | 18:07:34.308 | INFO  | Epicgames Freebies Claimer (1.5.8) by Revadike
 2022-05-05 | 18:06:04.194 | INFO  | Epicgames Freebies Claimer (1.5.8) by Revadike
 2022-05-12 | 18:07:28.275 | INFO  | Epicgames Freebies Claimer (1.5.8) by Revadike
 2022-05-12 | 18:07:30.444 | INFO  | Found 3 unclaimed freebie(s) for user@host
 2022-05-12 | 18:07:30.713 | ERROR | Failed to login as user@host
 2022-05-12 | 18:07:33.102 | INFO  | Push notification sent
 2022-05-19 | 18:15:34.369 | INFO  | Epicgames Freebies Claimer (1.5.8) by Revadike
 2022-05-19 | 18:15:36.717 | INFO  | Found 1 unclaimed freebie(s) for user@host
 2022-05-19 | 18:15:36.955 | ERROR | Failed to login as user@host
 2022-05-19 | 18:15:39.245 | INFO  | Push notification sent
 2022-05-26 | 18:07:13.552 | INFO  | Epicgames Freebies Claimer (1.5.8) by Revadike
 2022-05-26 | 18:07:14.538 | INFO  | Found 1 unclaimed freebie(s) for user@host
 2022-05-26 | 18:07:14.567 | ERROR | Failed to login as user@host
 2022-05-26 | 18:07:15.694 | INFO  | Push notification sent
 2022-06-02 | 18:07:10.564 | INFO  | Epicgames Freebies Claimer (1.5.8) by Revadike
 2022-06-02 | 18:07:12.118 | INFO  | Found 1 unclaimed freebie(s) for user@host
 2022-06-02 | 18:07:12.314 | ERROR | Failed to login as user@host
 2022-06-02 | 18:07:14.525 | INFO  | Push notification sent
 2022-06-09 | 18:11:37.050 | INFO  | Epicgames Freebies Claimer (1.5.8) by Revadike
 2022-06-09 | 18:11:38.723 | INFO  | Found 1 unclaimed freebie(s) for user@host
 2022-06-09 | 18:11:38.940 | ERROR | Failed to login as user@host
 2022-06-09 | 18:11:40.957 | INFO  | Push notification sent
 2022-06-16 | 18:06:32.124 | INFO  | Epicgames Freebies Claimer (1.5.8) by Revadike
 2022-06-16 | 18:06:33.900 | INFO  | Found 1 unclaimed freebie(s) for user@host
 2022-06-16 | 18:06:34.107 | ERROR | Failed to login as user@host
 2022-06-16 | 18:06:35.661 | INFO  | Push notification sent
 2022-06-23 | 18:07:22.558 | INFO  | Epicgames Freebies Claimer (1.5.8) by Revadike
 2022-06-30 | 18:07:25.560 | INFO  | Epicgames Freebies Claimer (1.5.8) by Revadike
 2022-07-07 | 18:17:39.933 | INFO  | Epicgames Freebies Claimer (1.5.8) by Revadike
 2022-07-07 | 18:17:41.743 | INFO  | Found 2 unclaimed freebie(s) for user@host
 2022-07-07 | 18:17:42.093 | ERROR | Failed to login as user@host
 2022-07-07 | 18:17:44.316 | INFO  | Push notification sent
 2022-07-14 | 18:07:07.466 | INFO  | Epicgames Freebies Claimer (1.5.8) by Revadike
 2022-07-21 | 18:07:33.837 | INFO  | Epicgames Freebies Claimer (1.5.8) by Revadike
 2022-07-21 | 18:07:35.774 | INFO  | Found 1 unclaimed freebie(s) for user@host
 2022-07-21 | 18:07:36.088 | ERROR | Failed to login as user@host
 2022-07-21 | 18:07:38.537 | INFO  | Push notification sent
 2022-07-28 | 18:07:20.808 | INFO  | Epicgames Freebies Claimer (1.5.8) by Revadike
 2022-08-04 | 18:07:20.849 | INFO  | Epicgames Freebies Claimer (1.5.8) by Revadike
 2022-08-11 | 18:07:30.134 | INFO  | Epicgames Freebies Claimer (1.5.8) by Revadike
 2022-08-18 | 18:06:59.116 | INFO  | Epicgames Freebies Claimer (1.5.8) by Revadike
 2022-08-25 | 18:06:47.832 | INFO  | Epicgames Freebies Claimer (1.5.8) by Revadike
 2022-09-01 | 18:08:24.366 | INFO  | Epicgames Freebies Claimer (1.5.8) by Revadike
 2022-09-08 | 18:07:56.955 | INFO  | Epicgames Freebies Claimer (1.5.8) by Revadike
 2022-09-15 | 18:08:16.446 | INFO  | Epicgames Freebies Claimer (1.5.8) by Revadike
 2022-09-22 | 18:08:31.734 | INFO  | Epicgames Freebies Claimer (1.5.8) by Revadike
 2022-09-29 | 18:12:23.544 | INFO  | Epicgames Freebies Claimer (1.5.8) by Revadike
 2022-10-06 | 18:13:16.760 | INFO  | Epicgames Freebies Claimer (1.5.8) by Revadike
 2022-10-13 | 18:16:20.322 | INFO  | Epicgames Freebies Claimer (1.5.8) by Revadike
 2022-10-20 | 18:24:06.660 | INFO  | Epicgames Freebies Claimer (1.5.8) by Revadike
 2022-10-27 | 18:08:23.053 | INFO  | Epicgames Freebies Claimer (1.5.8) by Revadike
 2022-11-03 | 18:08:24.925 | INFO  | Epicgames Freebies Claimer (1.5.8) by Revadike
 2022-11-10 | 18:08:03.801 | INFO  | Epicgames Freebies Claimer (1.5.8) by Revadike
 2022-11-17 | 18:07:29.195 | INFO  | Epicgames Freebies Claimer (1.5.8) by Revadike
 2022-11-24 | 18:07:36.489 | INFO  | Epicgames Freebies Claimer (1.5.8) by Revadike
 2022-11-24 | 18:07:38.477 | INFO  | Found 1 unclaimed freebie(s) for user@host
 2022-11-24 | 18:07:38.814 | ERROR | Failed to login as user@host
 2022-11-24 | 18:07:40.423 | INFO  | Push notification sent
 2022-12-01 | 18:07:24.130 | INFO  | Epicgames Freebies Claimer (1.5.8) by Revadike
 2022-12-01 | 18:07:25.817 | INFO  | Found 2 unclaimed freebie(s) for user@host
 2022-12-01 | 18:07:26.110 | ERROR | Failed to login as user@host
 2022-12-01 | 18:07:27.680 | INFO  | Push notification sent
 2022-12-08 | 18:07:02.577 | INFO  | Epicgames Freebies Claimer (1.5.8) by Revadike
 2022-12-15 | 18:06:25.133 | INFO  | Epicgames Freebies Claimer (1.5.8) by Revadike
 2022-12-22 | 18:06:57.401 | INFO  | Epicgames Freebies Claimer (1.5.8) by Revadike
 2022-12-22 | 18:06:59.525 | INFO  | Found 3 unclaimed freebie(s) for user@host
 2022-12-22 | 18:06:59.893 | ERROR | Failed to login as user@host
 2022-12-22 | 18:07:01.433 | INFO  | Push notification sent
 2022-12-29 | 18:06:29.305 | INFO  | Epicgames Freebies Claimer (1.5.8) by Revadike
 2022-12-29 | 18:06:29.979 | INFO  | Found 2 unclaimed freebie(s) for user@host
 2022-12-29 | 18:06:30.039 | ERROR | Failed to login as user@host
 2022-12-29 | 18:06:31.189 | INFO  | Push notification sent
 2023-01-05 | 18:06:55.837 | INFO  | Epicgames Freebies Claimer (1.5.8) by Revadike
 2023-01-05 | 18:06:55.945 | ERROR | Failed to check for updates (Error: HTTP Error 403)
 2023-01-12 | 18:07:34.762 | INFO  | Epicgames Freebies Claimer (1.5.8) by Revadike
 2023-01-19 | 18:07:11.107 | INFO  | Epicgames Freebies Claimer (1.5.8) by Revadike
 2023-01-26 | 18:06:45.325 | INFO  | Epicgames Freebies Claimer (1.5.8) by Revadike
 2023-02-02 | 18:07:10.268 | INFO  | Epicgames Freebies Claimer (1.5.8) by Revadike
 2023-02-09 | 18:07:19.550 | INFO  | Epicgames Freebies Claimer (1.5.8) by Revadike
 2023-02-16 | 18:06:28.466 | INFO  | Epicgames Freebies Claimer (1.5.8) by Revadike
 2023-02-23 | 18:07:36.054 | INFO  | Epicgames Freebies Claimer (1.5.8) by Revadike
 2023-03-02 | 18:07:55.106 | INFO  | Epicgames Freebies Claimer (1.5.8) by Revadike
 2023-03-09 | 18:07:37.630 | INFO  | Epicgames Freebies Claimer (1.5.8) by Revadike
 2023-03-09 | 18:07:39.177 | INFO  | Found 1 unclaimed freebie(s) for user@host
 2023-03-09 | 18:07:39.322 | ERROR | Failed to login as user@host
 2023-03-09 | 18:07:41.735 | INFO  | Push notification sent
 2023-03-16 | 18:07:09.904 | INFO  | Epicgames Freebies Claimer (1.5.8) by Revadike
 2023-03-16 | 18:07:11.046 | INFO  | Found 1 unclaimed freebie(s) for user@host
 2023-03-16 | 18:07:11.089 | ERROR | Failed to login as user@host
 2023-03-16 | 18:07:12.255 | INFO  | Push notification sent
 2023-03-23 | 18:07:18.433 | INFO  | Epicgames Freebies Claimer (1.5.8) by Revadike
 2023-03-30 | 18:07:06.961 | INFO  | Epicgames Freebies Claimer (1.5.8) by Revadike
 2023-04-06 | 18:05:49.113 | INFO  | Epicgames Freebies Claimer (1.5.8) by Revadike
 2023-04-13 | 18:06:31.342 | INFO  | Epicgames Freebies Claimer (1.5.8) by Revadike
 2023-04-13 | 18:06:33.219 | INFO  | Found 2 unclaimed freebie(s) for user@host
 2023-04-13 | 18:06:33.400 | ERROR | Failed to login as user@host
 2023-04-13 | 18:06:36.692 | INFO  | Push notification sent
 2023-04-20 | 18:06:32.853 | INFO  | Epicgames Freebies Claimer (1.5.8) by Revadike
 2023-04-20 | 18:06:34.969 | INFO  | Found 2 unclaimed freebie(s) for user@host
 2023-04-20 | 18:06:35.206 | ERROR | Failed to login as user@host
 2023-04-20 | 18:06:38.248 | INFO  | Push notification sent
 2023-04-27 | 18:06:08.584 | INFO  | Epicgames Freebies Claimer (1.5.8) by Revadike
 2023-04-27 | 18:06:39.220 | ERROR | Error while initialize process.
 2023-04-27 | 18:06:41.820 | INFO  | Push notification sent
 2023-05-04 | 18:06:24.650 | INFO  | Epicgames Freebies Claimer (1.5.8) by Revadike
 2023-05-11 | 18:05:49.393 | INFO  | Epicgames Freebies Claimer (1.5.8) by Revadike
 2023-05-18 | 18:06:24.600 | INFO  | Epicgames Freebies Claimer (1.5.8) by Revadike
 2023-05-18 | 18:06:26.299 | INFO  | Found 1 unclaimed freebie(s) for user@host
 2023-05-18 | 18:06:26.489 | ERROR | Failed to login as user@host
 2023-05-18 | 18:06:28.813 | INFO  | Push notification sent
 2023-05-25 | 18:06:21.942 | INFO  | Epicgames Freebies Claimer (1.5.8) by Revadike
 2023-05-25 | 18:06:52.524 | ERROR | Error while initialize process.
 2023-05-25 | 18:06:54.759 | INFO  | Push notification sent
 2023-06-01 | 18:03:11.630 | INFO  | Epicgames Freebies Claimer (1.5.8) by Revadike
 2023-06-01 | 18:03:12.407 | INFO  | Found 1 unclaimed freebie(s) for user@host
 2023-06-01 | 18:03:12.444 | ERROR | Failed to login as user@host
 2023-06-01 | 18:03:14.728 | INFO  | Push notification sent
 2023-06-08 | 18:05:50.900 | INFO  | Epicgames Freebies Claimer (1.5.8) by Revadike
 2023-06-15 | 18:06:30.427 | INFO  | Epicgames Freebies Claimer (1.5.8) by Revadike
 2023-06-22 | 18:06:44.048 | INFO  | Epicgames Freebies Claimer (1.5.8) by Revadike
 2023-06-22 | 18:07:14.388 | ERROR | Error while initialize process.
 2023-06-22 | 18:07:17.155 | INFO  | Push notification sent
 2023-06-29 | 18:10:37.169 | INFO  | Epicgames Freebies Claimer (1.5.8) by Revadike
 2023-06-29 | 18:11:07.842 | ERROR | Error while initialize process.
 2023-06-29 | 18:11:10.231 | INFO  | Push notification sent
 2023-07-06 | 18:05:20.320 | INFO  | Epicgames Freebies Claimer (1.5.8) by Revadike
 2023-07-06 | 18:05:22.471 | INFO  | Found 1 unclaimed freebie(s) for user@host
 2023-07-06 | 18:05:22.767 | ERROR | Failed to login as user@host
 2023-07-06 | 18:05:25.557 | INFO  | Push notification sent
 2023-07-13 | 18:07:25.531 | INFO  | Epicgames Freebies Claimer (1.5.8) by Revadike
 2023-07-20 | 18:06:43.648 | INFO  | Epicgames Freebies Claimer (1.5.8) by Revadike
 2023-07-20 | 18:07:14.289 | ERROR | Error while initialize process.
 2023-07-20 | 18:07:16.354 | INFO  | Push notification sent
 2023-07-27 | 18:06:02.355 | INFO  | Epicgames Freebies Claimer (1.5.8) by Revadike
 2023-07-27 | 18:06:04.064 | INFO  | Found 2 unclaimed freebie(s) for user@host
 2023-07-27 | 18:06:04.275 | ERROR | Failed to login as user@host
 2023-07-27 | 18:06:06.096 | INFO  | Push notification sent
 2023-08-03 | 18:06:09.620 | INFO  | Epicgames Freebies Claimer (1.5.8) by Revadike
 2023-08-10 | 18:06:38.229 | INFO  | Epicgames Freebies Claimer (1.5.8) by Revadike
 2023-08-10 | 18:07:08.650 | ERROR | Error while initialize process.
 2023-08-10 | 18:07:11.222 | INFO  | Push notification sent
 2023-08-17 | 18:06:27.854 | INFO  | Epicgames Freebies Claimer (1.5.8) by Revadike
 2023-08-24 | 18:06:30.390 | INFO  | Epicgames Freebies Claimer (1.5.8) by Revadike
 2023-08-24 | 18:06:32.002 | INFO  | Found 1 unclaimed freebie(s) for user@host
 2023-08-24 | 18:06:32.092 | ERROR | Failed to login as user@host
 2023-08-24 | 18:06:34.001 | INFO  | Push notification sent
 2023-08-31 | 18:06:36.737 | INFO  | Epicgames Freebies Claimer (1.5.8) by Revadike
 2023-08-31 | 18:06:38.835 | INFO  | Found 1 unclaimed freebie(s) for user@host
 2023-08-31 | 18:06:39.001 | ERROR | Failed to login as user@host
 2023-08-31 | 18:06:41.128 | INFO  | Push notification sent
 2023-09-07 | 18:06:32.878 | INFO  | Epicgames Freebies Claimer (1.5.8) by Revadike
 2023-09-07 | 18:06:34.159 | INFO  | Found 1 unclaimed freebie(s) for user@host
 2023-09-07 | 18:06:34.217 | ERROR | Failed to login as user@host
 2023-09-07 | 18:06:35.982 | INFO  | Push notification sent
 2023-09-14 | 18:06:41.705 | INFO  | Epicgames Freebies Claimer (1.5.8) by Revadike
 2023-09-21 | 18:07:11.638 | INFO  | Epicgames Freebies Claimer (1.5.8) by Revadike
 2023-09-21 | 18:07:42.040 | ERROR | Error while initialize process.
 2023-09-21 | 18:07:44.149 | INFO  | Push notification sent
 2023-09-28 | 18:06:31.771 | INFO  | Epicgames Freebies Claimer (1.5.8) by Revadike
 2023-09-28 | 18:07:02.271 | ERROR | Error while initialize process.
 2023-09-28 | 18:07:03.980 | INFO  | Push notification sent
 2023-10-05 | 18:07:15.736 | INFO  | Epicgames Freebies Claimer (1.5.8) by Revadike
 2023-10-12 | 18:07:22.655 | INFO  | Epicgames Freebies Claimer (1.5.8) by Revadike
 2023-10-12 | 18:07:23.756 | INFO  | Found 2 unclaimed freebie(s) for user@host
 2023-10-12 | 18:07:23.807 | ERROR | Failed to login as user@host
 2023-10-12 | 18:07:25.874 | INFO  | Push notification sent
 2023-10-19 | 18:07:08.670 | INFO  | Epicgames Freebies Claimer (1.5.8) by Revadike
 2023-10-26 | 18:06:56.347 | INFO  | Epicgames Freebies Claimer (1.5.8) by Revadike
 2023-11-02 | 18:06:54.828 | INFO  | Epicgames Freebies Claimer (1.5.8) by Revadike
 2023-11-09 | 18:07:01.949 | INFO  | Epicgames Freebies Claimer (1.5.8) by Revadike
 2023-11-16 | 18:07:11.341 | INFO  | Epicgames Freebies Claimer (1.5.8) by Revadike
 2023-11-23 | 18:07:04.807 | INFO  | Epicgames Freebies Claimer (1.5.8) by Revadike
 2023-11-23 | 18:07:07.322 | INFO  | Found 1 unclaimed freebie(s) for user@host
 2023-11-23 | 18:07:07.562 | ERROR | Failed to login as user@host
 2023-11-23 | 18:07:09.969 | INFO  | Push notification sent
 2023-11-30 | 18:07:17.153 | INFO  | Epicgames Freebies Claimer (1.5.8) by Revadike
 2023-12-07 | 18:07:29.074 | INFO  | Epicgames Freebies Claimer (1.5.8) by Revadike
 2023-12-07 | 18:07:31.141 | INFO  | Found 2 unclaimed freebie(s) for user@host
 2023-12-07 | 18:07:31.423 | ERROR | Failed to login as user@host
 2023-12-07 | 18:07:36.275 | INFO  | Push notification sent
 2023-12-14 | 18:07:17.484 | INFO  | Epicgames Freebies Claimer (1.5.8) by Revadike
 2023-12-21 | 18:06:06.983 | INFO  | Epicgames Freebies Claimer (1.5.8) by Revadike
 2023-12-28 | 18:07:09.834 | INFO  | Epicgames Freebies Claimer (1.5.8) by Revadike
 2024-01-04 | 18:07:09.079 | INFO  | Epicgames Freebies Claimer (1.5.8) by Revadike
 2024-01-04 | 18:07:10.579 | INFO  | Found 1 unclaimed freebie(s) for user@host
 2024-01-04 | 18:07:10.689 | ERROR | Failed to login as user@host
 2024-01-04 | 18:07:12.361 | INFO  | Push notification sent
 2024-01-11 | 18:07:28.124 | INFO  | Epicgames Freebies Claimer (1.5.8) by Revadike
 2024-01-18 | 18:07:26.102 | INFO  | Epicgames Freebies Claimer (1.5.8) by Revadike
 2024-01-25 | 18:07:59.974 | INFO  | Epicgames Freebies Claimer (1.5.8) by Revadike
 2024-02-01 | 18:06:47.506 | INFO  | Epicgames Freebies Claimer (1.5.8) by Revadike
 2024-02-08 | 18:06:59.294 | INFO  | Epicgames Freebies Claimer (1.5.8) by Revadike
 2024-02-15 | 18:07:26.950 | INFO  | Epicgames Freebies Claimer (1.5.8) by Revadike
 2024-02-15 | 18:07:28.654 | INFO  | Found 1 unclaimed freebie(s) for user@host
 2024-02-15 | 18:07:28.831 | ERROR | Failed to login as user@host
 2024-02-15 | 18:07:34.322 | INFO  | Push notification sent
 2024-02-22 | 18:07:26.007 | INFO  | Epicgames Freebies Claimer (1.5.8) by Revadike
 2024-02-22 | 18:07:27.050 | INFO  | Found 1 unclaimed freebie(s) for user@host
 2024-02-22 | 18:07:27.087 | ERROR | Failed to login as user@host
 2024-02-22 | 18:07:28.805 | INFO  | Push notification sent
 2024-02-29 | 18:07:49.440 | INFO  | Epicgames Freebies Claimer (1.5.8) by Revadike
 2024-02-29 | 18:07:50.788 | INFO  | Found 1 unclaimed freebie(s) for user@host
 2024-02-29 | 18:07:50.934 | ERROR | Failed to login as user@host
 2024-02-29 | 18:07:52.890 | INFO  | Push notification sent
 2024-03-07 | 18:07:10.817 | INFO  | Epicgames Freebies Claimer (1.5.8) by Revadike
 2024-03-14 | 18:07:09.836 | INFO  | Epicgames Freebies Claimer (1.5.8) by Revadike
 2024-03-21 | 18:07:28.021 | INFO  | Epicgames Freebies Claimer (1.5.8) by Revadike
 2024-03-28 | 18:07:29.398 | INFO  | Epicgames Freebies Claimer (1.5.8) by Revadike
 2024-04-04 | 18:08:06.259 | INFO  | Epicgames Freebies Claimer (1.5.8) by Revadike
 2024-04-11 | 18:07:07.029 | INFO  | Epicgames Freebies Claimer (1.5.8) by Revadike
 2024-04-11 | 18:07:08.537 | INFO  | Found 1 unclaimed freebie(s) for user@host
 2024-04-11 | 18:07:08.682 | ERROR | Failed to login as user@host
 2024-04-11 | 18:07:10.143 | INFO  | Push notification sent
 2024-04-18 | 18:07:39.662 | INFO  | Epicgames Freebies Claimer (1.5.8) by Revadike
 2024-04-25 | 18:07:30.413 | INFO  | Epicgames Freebies Claimer (1.5.8) by Revadike
 2024-04-25 | 18:07:31.460 | INFO  | Found 2 unclaimed freebie(s) for user@host
 2024-04-25 | 18:07:31.509 | ERROR | Failed to login as user@host
 2024-04-25 | 18:07:34.037 | INFO  | Push notification sent
 2024-05-02 | 18:07:24.696 | INFO  | Epicgames Freebies Claimer (1.5.8) by Revadike
 2024-05-09 | 18:06:16.282 | INFO  | Epicgames Freebies Claimer (1.5.8) by Revadike
 2024-05-16 | 18:07:29.899 | INFO  | Epicgames Freebies Claimer (1.5.8) by Revadike
 2024-05-23 | 18:08:07.979 | INFO  | Epicgames Freebies Claimer (1.5.8) by Revadike
 2024-05-23 | 18:08:09.344 | INFO  | Found 1 unclaimed freebie(s) for user@host
 2024-05-23 | 18:08:09.445 | ERROR | Failed to login as user@host
 2024-05-23 | 18:08:12.322 | INFO  | Push notification sent
 2024-05-30 | 18:08:58.551 | INFO  | Epicgames Freebies Claimer (1.5.8) by Revadike
 2024-05-30 | 18:09:00.342 | INFO  | Found 1 unclaimed freebie(s) for user@host
 2024-05-30 | 18:09:00.574 | ERROR | Failed to login as user@host
 2024-05-30 | 18:09:03.237 | INFO  | Push notification sent
 2024-06-06 | 18:08:16.152 | INFO  | Epicgames Freebies Claimer (1.5.8) by Revadike
 2024-06-06 | 18:08:17.411 | INFO  | Found 1 unclaimed freebie(s) for user@host
 2024-06-06 | 18:08:20.233 | INFO  | Push notification sent
 2024-06-06 | 18:08:17.476 | ERROR | Failed to login as user@host
 2024-06-13 | 18:08:16.681 | INFO  | Epicgames Freebies Claimer (1.5.8) by Revadike
 2024-06-13 | 18:08:17.133 | ERROR | Error while initialize process.
 2024-06-13 | 18:08:19.864 | INFO  | Push notification sent
 2024-06-20 | 18:09:31.411 | INFO  | Epicgames Freebies Claimer (1.5.8) by Revadike
 2024-06-20 | 18:09:31.892 | ERROR | Error while initialize process.
 2024-06-20 | 18:09:34.602 | INFO  | Push notification sent
 2024-06-27 | 18:07:39.641 | INFO  | Epicgames Freebies Claimer (1.5.8) by Revadike
 2024-06-27 | 18:07:39.971 | ERROR | Error while initialize process.
 2024-06-27 | 18:07:42.730 | INFO  | Push notification sent
 2024-07-04 | 18:08:29.750 | INFO  | Epicgames Freebies Claimer (1.5.8) by Revadike
 2024-07-04 | 18:08:30.131 | ERROR | Error while initialize process.
 2024-07-04 | 18:08:33.396 | INFO  | Push notification sent
 2024-07-11 | 18:08:38.873 | INFO  | Epicgames Freebies Claimer (1.5.8) by Revadike
 2024-07-11 | 18:08:39.290 | ERROR | Error while initialize process.
 2024-07-11 | 18:08:41.409 | INFO  | Push notification sent
 2024-07-18 | 18:09:00.878 | INFO  | Epicgames Freebies Claimer (1.5.8) by Revadike
 2024-07-18 | 18:09:01.260 | ERROR | Error while initialize process.
 2024-07-18 | 18:09:05.340 | INFO  | Push notification sent
 2024-07-25 | 18:08:23.596 | INFO  | Epicgames Freebies Claimer (1.5.8) by Revadike
 2024-07-25 | 18:08:23.924 | ERROR | Error while initialize process.
 2024-07-25 | 18:08:26.244 | INFO  | Push notification sent
 2024-08-01 | 18:08:31.296 | INFO  | Epicgames Freebies Claimer (1.5.8) by Revadike
 2024-08-01 | 18:08:31.595 | ERROR | Error while initialize process.
 2024-08-01 | 18:08:34.048 | INFO  | Push notification sent
 2024-08-08 | 18:09:59.182 | INFO  | Epicgames Freebies Claimer (1.5.8) by Revadike
 2024-08-08 | 18:09:59.693 | ERROR | Error while initialize process.
 2024-08-08 | 18:10:03.021 | INFO  | Push notification sent
 2024-08-15 | 18:09:35.249 | INFO  | Epicgames Freebies Claimer (1.5.8) by Revadike
 2024-08-15 | 18:09:35.643 | ERROR | Error while initialize process.
 2024-08-15 | 18:09:38.326 | INFO  | Push notification sent
 2024-08-22 | 18:09:06.867 | INFO  | Epicgames Freebies Claimer (1.5.8) by Revadike
 2024-08-22 | 18:09:07.411 | ERROR | Error while initialize process.
 2024-08-22 | 18:09:11.785 | INFO  | Push notification sent
 2024-08-29 | 18:09:08.995 | INFO  | Epicgames Freebies Claimer (1.5.8) by Revadike
 2024-08-29 | 18:09:09.455 | ERROR | Error while initialize process.
 2024-08-29 | 18:09:15.195 | INFO  | Push notification sent
 2024-09-05 | 18:08:22.417 | INFO  | Epicgames Freebies Claimer (1.5.8) by Revadike
 2024-09-05 | 18:08:22.738 | ERROR | Error while initialize process.
 2024-09-05 | 18:08:25.937 | INFO  | Push notification sent
 2024-09-12 | 18:10:33.176 | INFO  | Epicgames Freebies Claimer (1.5.8) by Revadike
 2024-09-12 | 18:10:33.479 | ERROR | Error while initialize process.
 2024-09-12 | 18:10:36.101 | INFO  | Push notification sent
 2024-09-19 | 18:09:16.813 | INFO  | Epicgames Freebies Claimer (1.5.8) by Revadike
 2024-09-19 | 18:09:17.636 | ERROR | Error while initialize process.
 2024-09-19 | 18:09:20.399 | INFO  | Push notification sent
 2024-09-26 | 18:09:17.069 | INFO  | Epicgames Freebies Claimer (1.5.8) by Revadike
 2024-09-26 | 18:09:17.355 | ERROR | Error while initialize process.
 2024-09-26 | 18:09:19.569 | INFO  | Push notification sent
 2024-10-03 | 18:09:59.741 | INFO  | Epicgames Freebies Claimer (1.5.8) by Revadike
 2024-10-03 | 18:10:00.091 | ERROR | Error while initialize process.
 2024-10-03 | 18:10:03.520 | INFO  | Push notification sent
 2024-10-10 | 18:09:55.393 | INFO  | Epicgames Freebies Claimer (1.5.8) by Revadike
 2024-10-10 | 18:09:55.912 | ERROR | Error while initialize process.
 2024-10-10 | 18:09:59.041 | INFO  | Push notification sent
 2024-10-17 | 18:09:14.424 | INFO  | Epicgames Freebies Claimer (1.5.8) by Revadike
 2024-10-17 | 18:09:14.784 | ERROR | Error while initialize process.
 2024-10-17 | 18:09:17.147 | INFO  | Push notification sent
 2024-10-24 | 18:10:18.236 | INFO  | Epicgames Freebies Claimer (1.5.8) by Revadike
 2024-10-24 | 18:10:18.730 | ERROR | Error while initialize process.
 2024-10-24 | 18:10:21.455 | INFO  | Push notification sent
 2024-10-31 | 18:10:15.151 | INFO  | Epicgames Freebies Claimer (1.5.8) by Revadike
 2024-10-31 | 18:10:15.850 | ERROR | Error while initialize process.
 2024-10-31 | 18:10:18.570 | INFO  | Push notification sent
 2024-11-07 | 18:09:59.273 | INFO  | Epicgames Freebies Claimer (1.5.8) by Revadike
 2024-11-07 | 18:09:59.592 | ERROR | Error while initialize process.
 2024-11-07 | 18:10:02.161 | INFO  | Push notification sent
 2024-11-14 | 18:10:18.651 | INFO  | Epicgames Freebies Claimer (1.5.8) by Revadike
 2024-11-14 | 18:10:19.502 | ERROR | Error while initialize process.
 2024-11-14 | 18:10:23.766 | INFO  | Push notification sent
 2024-11-21 | 18:10:38.958 | INFO  | Epicgames Freebies Claimer (1.5.8) by Revadike
 2024-11-21 | 18:10:39.350 | ERROR | Error while initialize process.
 2024-11-21 | 18:10:42.138 | INFO  | Push notification sent
 2024-11-28 | 18:10:23.467 | INFO  | Epicgames Freebies Claimer (1.5.8) by Revadike
 2024-11-28 | 18:10:23.792 | ERROR | Error while initialize process.
 2024-11-28 | 18:10:27.106 | INFO  | Push notification sent
 2024-12-05 | 18:09:30.112 | INFO  | Epicgames Freebies Claimer (1.5.8) by Revadike
 2024-12-05 | 18:09:30.443 | ERROR | Error while initialize process.
 2024-12-05 | 18:09:33.079 | INFO  | Push notification sent
 2024-12-12 | 18:11:31.813 | INFO  | Epicgames Freebies Claimer (1.5.8) by Revadike
 2024-12-12 | 18:11:32.083 | ERROR | Error while initialize process.
 2024-12-12 | 18:11:35.623 | INFO  | Push notification sent
 2024-12-19 | 18:10:24.008 | INFO  | Epicgames Freebies Claimer (1.5.8) by Revadike
 2024-12-19 | 18:10:24.302 | ERROR | Error while initialize process.
 2024-12-19 | 18:10:26.826 | INFO  | Push notification sent
 2024-12-26 | 18:09:58.725 | INFO  | Epicgames Freebies Claimer (1.5.8) by Revadike
 2024-12-26 | 18:09:58.998 | ERROR | Error while initialize process.
 2024-12-26 | 18:10:01.491 | INFO  | Push notification sent
 2025-01-02 | 18:10:11.956 | INFO  | Epicgames Freebies Claimer (1.5.8) by Revadike
 2025-01-02 | 18:10:12.292 | ERROR | Error while initialize process.
 2025-01-02 | 18:10:14.741 | INFO  | Push notification sent
 2025-01-09 | 18:10:52.995 | INFO  | Epicgames Freebies Claimer (1.5.8) by Revadike
 2025-01-09 | 18:10:53.260 | ERROR | Error while initialize process.
 2025-01-09 | 18:10:56.233 | INFO  | Push notification sent
 2025-01-16 | 18:10:10.762 | INFO  | Epicgames Freebies Claimer (1.5.8) by Revadike
 2025-01-16 | 18:10:14.191 | INFO  | Push notification sent
 2025-01-16 | 18:10:11.048 | ERROR | Error while initialize process.
 2025-01-23 | 18:10:29.548 | INFO  | Epicgames Freebies Claimer (1.5.8) by Revadike
 2025-01-23 | 18:10:29.624 | ERROR | Failed to check for updates (Error: HTTP Error 403)
 2025-01-23 | 18:10:29.745 | ERROR | Error while initialize process.
 2025-01-23 | 18:10:33.497 | INFO  | Push notification sent
 2025-01-30 | 18:10:23.988 | INFO  | Epicgames Freebies Claimer (1.5.8) by Revadike
 2025-01-30 | 18:10:24.558 | ERROR | Error while initialize process.
 2025-01-30 | 18:10:27.586 | INFO  | Push notification sent
 2025-02-06 | 18:10:27.563 | INFO  | Epicgames Freebies Claimer (1.5.8) by Revadike
 2025-02-06 | 18:10:27.789 | ERROR | Error while initialize process.
 2025-02-06 | 18:10:30.249 | INFO  | Push notification sent
 2025-02-13 | 18:10:35.761 | INFO  | Epicgames Freebies Claimer (1.5.8) by Revadike
 2025-02-13 | 18:10:36.077 | ERROR | Error while initialize process.
 2025-02-13 | 18:10:38.982 | INFO  | Push notification sent
 2025-02-20 | 18:10:36.036 | INFO  | Epicgames Freebies Claimer (1.5.8) by Revadike
 2025-02-20 | 18:10:36.407 | ERROR | Error while initialize process.
 2025-02-20 | 18:10:39.978 | INFO  | Push notification sent
 2025-02-27 | 18:11:03.903 | INFO  | Epicgames Freebies Claimer (1.5.8) by Revadike
 2025-02-27 | 18:11:04.145 | ERROR | Error while initialize process.
 2025-02-27 | 18:11:06.526 | INFO  | Push notification sent